<?xml version="1.0" encoding="UTF-8"?>
<!-- Generated by org.testng.reporters.JUnitReportReporter -->
<testsuite skipped="0" hostname="Achus_Machine" name="com.demowebshop.testscript.HomeTest" tests="1" failures="0" timestamp="2021-10-03T23:29:09 IST" time="20.736" errors="0">
  <testcase name="verifyHomeTitle" time="20.736" classname="com.demowebshop.testscript.HomeTest"/>
  <system-out/>
</testsuite> <!-- com.demowebshop.testscript.HomeTest -->
